[1;32;40mINFO - 2023-04-13 12:41:41,215 - [33mwerkzeug[0m - [33m172.17.0.1 - - [13/Apr/2023 12:41:41] "[36mGET /static/css/nyan.css HTTP/1.1[0m" 304 -[0m[0m
[1;32;40mINFO - 2023-04-13 12:41:41,217 - [33mwerkzeug[0m - [33m172.17.0.1 - - [13/Apr/2023 12:41:41] "[36mGET /static/js/nyan.js HTTP/1.1[0m" 304 -[0m[0m
[1;32;40mINFO - 2023-04-13 12:41:41,219 - [33mwerkzeug[0m - [33m172.17.0.1 - - [13/Apr/2023 12:41:41] "[36mGET /static/css/styles.css HTTP/1.1[0m" 304 -[0m[0m
[1;32;40mINFO - 2023-04-13 12:41:41,224 - [33mwerkzeug[0m - [33m172.17.0.1 - - [13/Apr/2023 12:41:41] "[36mGET /static/js/scripts.js HTTP/1.1[0m" 304 -[0m[0m
[1;32;40mINFO - 2023-04-13 12:41:41,225 - [33mwerkzeug[0m - [33m172.17.0.1 - - [13/Apr/2023 12:41:41] "[36mGET /static/assets/demo/chart-area-demo.js HTTP/1.1[0m" 304 -[0m[0m
[1;32;40mINFO - 2023-04-13 12:41:41,228 - [33mwerkzeug[0m - [33m172.17.0.1 - - [13/Apr/2023 12:41:41] "[36mGET /static/assets/demo/chart-bar-demo.js HTTP/1.1[0m" 304 -[0m[0m
[1;32;40mINFO - 2023-04-13 12:41:41,231 - [33mwerkzeug[0m - [33m172.17.0.1 - - [13/Apr/2023 12:41:41] "[36mGET /static/js/datatables-simple-demo.js HTTP/1.1[0m" 304 -[0m[0m
[1;33;40mWARNING - 2023-04-13 12:41:41,241 - [34mangr.project[0m - [34mDisabling IRSB translation cache because support for self-modifying code is enabled.[0m[0m
[1;33;40mWARNING - 2023-04-13 12:41:41,289 - [32mangr.storage.memory_mixins.default_filler_mixin[0m - [32mFilling memory at 0xc000800c with 4 unconstrained bytes referenced from 0x80491c0 (_start+0x0 in toy_noarg1 (0x80491c0))[0m[0m
[1;32;40mINFO - 2023-04-13 12:41:41,294 - [33mwerkzeug[0m - [33m172.17.0.1 - - [13/Apr/2023 12:41:41] "[36mGET /static/css/images/rainbow.png HTTP/1.1[0m" 304 -[0m[0m
[1;32;40mINFO - 2023-04-13 12:41:41,295 - [33mwerkzeug[0m - [33m172.17.0.1 - - [13/Apr/2023 12:41:41] "[36mGET /static/css/images/nyanCat.png HTTP/1.1[0m" 304 -[0m[0m
[1;32;40mINFO - 2023-04-13 12:41:41,313 - [33mwerkzeug[0m - [33m172.17.0.1 - - [13/Apr/2023 12:41:41] "GET /iteration-scdg HTTP/1.1" 200 -[0m[0m
[1;32;40mINFO - 2023-04-13 12:41:41,317 - [33mwerkzeug[0m - [33m172.17.0.1 - - [13/Apr/2023 12:41:41] "GET /progress-scdg HTTP/1.1" 200 -[0m[0m
[1;33;40mWARNING - 2023-04-13 12:41:44,502 - [32mangr.storage.memory_mixins.default_filler_mixin[0m - [32mFilling memory at 0xc0010014 with 4 unconstrained bytes referenced from 0x80491c0 (_start+0x0 in toy_noarg1 (0x80491c0))[0m[0m
[1;33;40mWARNING - 2023-04-13 12:41:48,115 - [32mangr.storage.memory_mixins.default_filler_mixin[0m - [32mFilling memory at 0xc001801c with 4 unconstrained bytes referenced from 0x80491c0 (_start+0x0 in toy_noarg1 (0x80491c0))[0m[0m
[1;33;40mWARNING - 2023-04-13 12:41:51,409 - [32mangr.storage.memory_mixins.default_filler_mixin[0m - [32mFilling memory at 0xc0020024 with 4 unconstrained bytes referenced from 0x80491c0 (_start+0x0 in toy_noarg1 (0x80491c0))[0m[0m
[1;33;40mWARNING - 2023-04-13 12:41:54,638 - [32mangr.storage.memory_mixins.default_filler_mixin[0m - [32mFilling memory at 0x30 with 4 unconstrained bytes referenced from 0x80491c0 (_start+0x0 in toy_noarg1 (0x80491c0))[0m[0m
[1;32;40mINFO - 2023-04-13 12:41:54,755 - [36mCustomSimProcedure[0m - [36mcustom_hook_static[0m[0m
[1;33;40mWARNING - 2023-04-13 12:41:54,756 - [34mangr.project[0m - [34mAddress is already hooked, during hook(0x0, <SimProcedure free>). Not re-hooking.[0m[0m
[1;33;40mWARNING - 2023-04-13 12:41:54,756 - [34mangr.project[0m - [34mAddress is already hooked, during hook(0x0, <SimProcedure fclose>). Not re-hooking.[0m[0m
[1;33;40mWARNING - 2023-04-13 12:41:54,756 - [34mangr.project[0m - [34mAddress is already hooked, during hook(0x0, <SimProcedure rewind>). Not re-hooking.[0m[0m
[1;33;40mWARNING - 2023-04-13 12:41:54,756 - [34mangr.project[0m - [34mAddress is already hooked, during hook(0x0, <SimProcedure fseek>). Not re-hooking.[0m[0m
[1;33;40mWARNING - 2023-04-13 12:41:54,756 - [34mangr.project[0m - [34mAddress is already hooked, during hook(0x0, <SimProcedure fwrite>). Not re-hooking.[0m[0m
[1;33;40mWARNING - 2023-04-13 12:41:54,756 - [34mangr.project[0m - [34mAddress is already hooked, during hook(0x0, <SimProcedure fread>). Not re-hooking.[0m[0m
[1;33;40mWARNING - 2023-04-13 12:41:54,756 - [34mangr.project[0m - [34mAddress is already hooked, during hook(0x0, <SimProcedure malloc>). Not re-hooking.[0m[0m
[1;33;40mWARNING - 2023-04-13 12:41:54,756 - [34mangr.project[0m - [34mAddress is already hooked, during hook(0x0, <SimProcedure exit>). Not re-hooking.[0m[0m
[1;33;40mWARNING - 2023-04-13 12:41:54,757 - [34mangr.project[0m - [34mAddress is already hooked, during hook(0x0, <SimProcedure __libc_start_main>). Not re-hooking.[0m[0m
[1;33;40mWARNING - 2023-04-13 12:41:54,757 - [34mangr.project[0m - [34mAddress is already hooked, during hook(0x0, <SimProcedure ftell>). Not re-hooking.[0m[0m
[1;33;40mWARNING - 2023-04-13 12:41:54,757 - [34mangr.project[0m - [34mAddress is already hooked, during hook(0x0, <SimProcedure fopen>). Not re-hooking.[0m[0m
[1;33;40mWARNING - 2023-04-13 12:41:54,757 - [34mangr.project[0m - [34mAddress is already hooked, during hook(0x0, <SimProcedure printf>). Not re-hooking.[0m[0m
[1;33;40mWARNING - 2023-04-13 12:41:54,757 - [34mangr.project[0m - [34mAddress is already hooked, during hook(0x0, <SimProcedure free>). Not re-hooking.[0m[0m
[1;33;40mWARNING - 2023-04-13 12:41:54,757 - [34mangr.project[0m - [34mAddress is already hooked, during hook(0x0, <SimProcedure fclose>). Not re-hooking.[0m[0m
[1;33;40mWARNING - 2023-04-13 12:41:54,757 - [34mangr.project[0m - [34mAddress is already hooked, during hook(0x0, <SimProcedure rewind>). Not re-hooking.[0m[0m
[1;33;40mWARNING - 2023-04-13 12:41:54,757 - [34mangr.project[0m - [34mAddress is already hooked, during hook(0x0, <SimProcedure fseek>). Not re-hooking.[0m[0m
[1;33;40mWARNING - 2023-04-13 12:41:54,757 - [34mangr.project[0m - [34mAddress is already hooked, during hook(0x0, <SimProcedure fwrite>). Not re-hooking.[0m[0m
[1;33;40mWARNING - 2023-04-13 12:41:54,758 - [34mangr.project[0m - [34mAddress is already hooked, during hook(0x0, <SimProcedure fread>). Not re-hooking.[0m[0m
[1;33;40mWARNING - 2023-04-13 12:41:54,758 - [34mangr.project[0m - [34mAddress is already hooked, during hook(0x0, <SimProcedure malloc>). Not re-hooking.[0m[0m
[1;33;40mWARNING - 2023-04-13 12:41:54,758 - [34mangr.project[0m - [34mAddress is already hooked, during hook(0x0, <SimProcedure exit>). Not re-hooking.[0m[0m
[1;33;40mWARNING - 2023-04-13 12:41:54,758 - [34mangr.project[0m - [34mAddress is already hooked, during hook(0x0, <SimProcedure __libc_start_main>). Not re-hooking.[0m[0m
[1;33;40mWARNING - 2023-04-13 12:41:54,758 - [34mangr.project[0m - [34mAddress is already hooked, during hook(0x0, <SimProcedure ftell>). Not re-hooking.[0m[0m
[1;33;40mWARNING - 2023-04-13 12:41:54,758 - [34mangr.project[0m - [34mAddress is already hooked, during hook(0x0, <SimProcedure fopen>). Not re-hooking.[0m[0m
[1;33;40mWARNING - 2023-04-13 12:41:54,759 - [34mangr.project[0m - [34mAddress is already hooked, during hook(0x8100004, <SimProcedure printf>). Not re-hooking.[0m[0m
[1;33;40mWARNING - 2023-04-13 12:41:54,759 - [34mangr.project[0m - [34mAddress is already hooked, during hook(0x8100008, <SimProcedure free>). Not re-hooking.[0m[0m
[1;33;40mWARNING - 2023-04-13 12:41:54,759 - [34mangr.project[0m - [34mAddress is already hooked, during hook(0x810000c, <SimProcedure fclose>). Not re-hooking.[0m[0m
[1;33;40mWARNING - 2023-04-13 12:41:54,759 - [34mangr.project[0m - [34mAddress is already hooked, during hook(0x8100010, <SimProcedure rewind>). Not re-hooking.[0m[0m
[1;33;40mWARNING - 2023-04-13 12:41:54,759 - [34mangr.project[0m - [34mAddress is already hooked, during hook(0x8100014, <SimProcedure fseek>). Not re-hooking.[0m[0m
[1;33;40mWARNING - 2023-04-13 12:41:54,759 - [34mangr.project[0m - [34mAddress is already hooked, during hook(0x8100018, <SimProcedure fwrite>). Not re-hooking.[0m[0m
[1;33;40mWARNING - 2023-04-13 12:41:54,759 - [34mangr.project[0m - [34mAddress is already hooked, during hook(0x810001c, <SimProcedure fread>). Not re-hooking.[0m[0m
[1;33;40mWARNING - 2023-04-13 12:41:54,759 - [34mangr.project[0m - [34mAddress is already hooked, during hook(0x8100020, <SimProcedure malloc>). Not re-hooking.[0m[0m
[1;33;40mWARNING - 2023-04-13 12:41:54,759 - [34mangr.project[0m - [34mAddress is already hooked, during hook(0x8100024, <SimProcedure exit>). Not re-hooking.[0m[0m
[1;33;40mWARNING - 2023-04-13 12:41:54,759 - [34mangr.project[0m - [34mAddress is already hooked, during hook(0x8100028, <SimProcedure __libc_start_main>). Not re-hooking.[0m[0m
[1;33;40mWARNING - 2023-04-13 12:41:54,760 - [34mangr.project[0m - [34mAddress is already hooked, during hook(0x810002c, <SimProcedure ftell>). Not re-hooking.[0m[0m
[1;33;40mWARNING - 2023-04-13 12:41:54,760 - [34mangr.project[0m - [34mAddress is already hooked, during hook(0x8100030, <SimProcedure fopen>). Not re-hooking.[0m[0m
[1;32;40mINFO - 2023-04-13 12:41:54,760 - [36mCustomSimProcedure[0m - [36mcustom_hook_no_symbols[0m[0m
[1;33;40mWARNING - 2023-04-13 12:41:54,861 - [32mangr.storage.memory_mixins.default_filler_mixin[0m - [32mFilling memory at 0xc002032c with 4 unconstrained bytes referenced from 0x8100028 (__libc_start_main+0x0 in extern-address space (0x28))[0m[0m
[1;32;40mINFO - 2023-04-13 12:41:54,910 - [36mCustomSimProcedure[0m - [36mSyscall found:  malloc[<BV32 0x300>][0m[0m
[1;33;40mWARNING - 2023-04-13 12:41:54,940 - [32mangr.storage.memory_mixins.default_filler_mixin[0m - [32mFilling memory at 0xc002033c with 4 unconstrained bytes referenced from 0x8100028 (__libc_start_main+0x0 in extern-address space (0x28))[0m[0m
[1;32;40mINFO - 2023-04-13 12:41:54,991 - [36mCustomSimProcedure[0m - [36mSyscall found:  malloc[<BV32 0x4>][0m[0m
[1;33;40mWARNING - 2023-04-13 12:41:55,050 - [32mangr.storage.memory_mixins.default_filler_mixin[0m - [32mFilling memory at 0xc0020944 with 4 unconstrained bytes referenced from 0x8100028 (__libc_start_main+0x0 in extern-address space (0x28))[0m[0m
[1;32;40mINFO - 2023-04-13 12:41:55,098 - [36mCustomSimProcedure[0m - [36mSyscall found:  malloc[<BV32 0x600>][0m[0m
[1;33;40mWARNING - 2023-04-13 12:41:55,125 - [32mangr.storage.memory_mixins.default_filler_mixin[0m - [32mFilling memory at 0xc0020954 with 4 unconstrained bytes referenced from 0x8100028 (__libc_start_main+0x0 in extern-address space (0x28))[0m[0m
[1;32;40mINFO - 2023-04-13 12:41:55,170 - [36mCustomSimProcedure[0m - [36mSyscall found:  malloc[<BV32 0x4>][0m[0m
[1;33;40mWARNING - 2023-04-13 12:41:55,224 - [32mangr.storage.memory_mixins.default_filler_mixin[0m - [32mFilling memory at 0xc0020f5c with 4 unconstrained bytes referenced from 0x8100028 (__libc_start_main+0x0 in extern-address space (0x28))[0m[0m
[1;32;40mINFO - 2023-04-13 12:41:55,270 - [36mCustomSimProcedure[0m - [36mSyscall found:  malloc[<BV32 0x600>][0m[0m
[1;33;40mWARNING - 2023-04-13 12:41:55,297 - [32mangr.storage.memory_mixins.default_filler_mixin[0m - [32mFilling memory at 0xc0020f6c with 4 unconstrained bytes referenced from 0x8100028 (__libc_start_main+0x0 in extern-address space (0x28))[0m[0m
[1;32;40mINFO - 2023-04-13 12:41:55,346 - [36mCustomSimProcedure[0m - [36mSyscall found:  malloc[<BV32 0x4>][0m[0m
[1;33;40mWARNING - 2023-04-13 12:41:55,400 - [32mangr.storage.memory_mixins.default_filler_mixin[0m - [32mFilling memory at 0xc0020f7c with 4 unconstrained bytes referenced from 0x8100028 (__libc_start_main+0x0 in extern-address space (0x28))[0m[0m
[1;32;40mINFO - 2023-04-13 12:41:55,453 - [36mCustomSimProcedure[0m - [36mSyscall found:  malloc[<BV32 0x4>][0m[0m
[1;32;40mINFO - 2023-04-13 12:41:55,461 - [36mCustomSimProcedure[0m - [36mSyscall found:  __libc_start_main[<BV32 0x80493eb>, <BV32 0x1>, <BV32 0x7ffeffb0>, <BV32 0x8049420>, <BV32 0x8049490>][0m[0m
[1;33;40mWARNING - 2023-04-13 12:41:55,475 - [32mangr.storage.memory_mixins.default_filler_mixin[0m - [32mFilling register edi with 4 unconstrained bytes referenced from 0x8049430 (__libc_csu_init+0x10 in toy_noarg1 (0x8049430))[0m[0m
[1;32;40mINFO - 2023-04-13 12:41:55,570 - [36mCustomSimProcedure[0m - [36mSyscall found:  __libc_start_main[134517739, 1, 2147418032, 134517792, 134517904][0m[0m
[1;32;40mINFO - 2023-04-13 12:41:55,635 - [36mCustomSimProcedure[0m - [36mSyscall found:  strlen[<BV32 0x804a01e>][0m[0m
[1;32;40mINFO - 2023-04-13 12:41:55,636 - [36mCustomSimProcedure[0m - [36mSyscall found:  strlen[<BV32 0x804a01c>][0m[0m
[1;33;40mWARNING - 2023-04-13 12:41:55,636 - [33mangr.state_plugins.posix[0m - [33mTrying to open unknown file b'text_file1.txt' - created a symbolic file since ALL_FILES_EXIST is set[0m[0m
[1;33;40mWARNING - 2023-04-13 12:41:55,664 - [32mangr.storage.memory_mixins.default_filler_mixin[0m - [32mFilling memory at 0xc002101c with 4 unconstrained bytes referenced from 0x8100030 (fopen+0x0 in extern-address space (0x30))[0m[0m
[1;32;40mINFO - 2023-04-13 12:41:55,709 - [36mCustomSimProcedure[0m - [36mSyscall found:  malloc[<BV32 0x94>][0m[0m
[1;32;40mINFO - 2023-04-13 12:41:55,709 - [36mCustomSimProcedure[0m - [36mSyscall found:  fopen[<BV32 0x804a01e>, <BV32 0x804a01c>][0m[0m
[1;32;40mINFO - 2023-04-13 12:41:55,734 - [36mCustomSimProcedure[0m - [36mSyscall found:  fseek[<BV32 0xc0020f80>, <BV32 0x0>, <BV32 0x2>][0m[0m
[1;32;40mINFO - 2023-04-13 12:41:55,766 - [36mCustomSimProcedure[0m - [36mSyscall found:  ftell[<BV32 0xc0020f80>][0m[0m
[1;32;40mINFO - 2023-04-13 12:41:55,782 - [36mCustomSimProcedure[0m - [36mSyscall found:  fseek[<BV32 0xc0020f80>, <BV32 0x0>, <BV32 0x0>][0m[0m
[1;32;40mINFO - 2023-04-13 12:41:55,782 - [36mCustomSimProcedure[0m - [36mSyscall found:  rewind[<BV32 0xc0020f80>][0m[0m
[1;33;40mWARNING - 2023-04-13 12:41:55,838 - [33mangr.state_plugins.heap.heap_base[0m - [33mAllocation request of 2147483647 bytes exceeded maximum of 128 bytes; allocating 128 bytes[0m[0m
[1;33;40mWARNING - 2023-04-13 12:41:55,865 - [32mangr.storage.memory_mixins.default_filler_mixin[0m - [32mFilling memory at 0xc00210a4 with 4 unconstrained bytes referenced from 0x8100020 (malloc+0x0 in extern-address space (0x20))[0m[0m
[1;32;40mINFO - 2023-04-13 12:41:55,912 - [36mCustomSimProcedure[0m - [36mSyscall found:  malloc[<BV32 if 0x0 <=s filesize_file_3_text_file1.txt_262175_32 then filesize_file_3_text_file1.txt_262175_32 else 0x0>][0m[0m
[1;33;40mWARNING - 2023-04-13 12:41:56,386 - [32mangr.storage.memory_mixins.default_filler_mixin[0m - [32mFilling memory at 0xc0021028 with 124 unconstrained bytes referenced from 0x810001c (fread+0x0 in extern-address space (0x1c))[0m[0m
[1;33;40mWARNING - 2023-04-13 12:41:56,387 - [32mangr.storage.memory_mixins.default_filler_mixin[0m - [32mFilling memory at 0xc00210b0 with 111 unconstrained bytes referenced from 0x810001c (fread+0x0 in extern-address space (0x1c))[0m[0m
[1;32;40mINFO - 2023-04-13 12:41:56,599 - [36mCustomSimProcedure[0m - [36mSyscall found:  fread[<BV32 0xc0021020>, <BV32 0x1>, <BV32 if 0x0 <=s filesize_file_3_text_file1.txt_262175_32 then filesize_file_3_text_file1.txt_262175_32 else 0x0>, <BV32 0xc0020f80>][0m[0m
[1;32;40mINFO - 2023-04-13 12:41:56,616 - [36mCustomSimProcedure[0m - [36mSyscall found:  strlen[<BV32 0x804a03d>][0m[0m
[1;32;40mINFO - 2023-04-13 12:41:58,480 - [36mCustomSimProcedure[0m - [36mSyscall found:  strlen[<BV32 0xc0021020>][0m[0m
[1;32;40mINFO - 2023-04-13 12:41:59,693 - [36mCustomSimProcedure[0m - [36mSyscall found:  printf[<BV32 0x804a03d>][0m[0m
[1;32;40mINFO - 2023-04-13 12:41:59,707 - [36mCustomSimProcedure[0m - [36mSyscall found:  close[<BV32 0x3>][0m[0m
[1;32;40mINFO - 2023-04-13 12:41:59,707 - [36mCustomSimProcedure[0m - [36mSyscall found:  fclose[<BV32 0xc0020f80>][0m[0m
[1;33;40mWARNING - 2023-04-13 12:41:59,793 - [33mangr.state_plugins.heap.heap_ptmalloc[0m - [33mA chunk's P flag is symbolic; assuming it is not set[0m[0m
[1;32;40mINFO - 2023-04-13 12:42:00,084 - [36mCustomSimProcedure[0m - [36mSyscall found:  free[<BV32 0xc0021020>][0m[0m
[1;32;40mINFO - 2023-04-13 12:42:00,119 - [36mCustomSimProcedure[0m - [36mSyscall found:  __libc_start_main[134517739, 1, 2147418032, 134517792, 134517904][0m[0m
[1;32;40mINFO - 2023-04-13 12:42:00,120 - [32mSemaExplorerCDFS[0m - [32mA new block of execution have been executed with changes in sim_manager.[0m[0m
[1;32;40mINFO - 2023-04-13 12:42:00,120 - [32mSemaExplorerCDFS[0m - [32mCurrently, simulation manager is :
<SimulationManager with 1 deadended>[0m[0m
[1;32;40mINFO - 2023-04-13 12:42:00,121 - [32mSemaExplorerCDFS[0m - [32mpause stash len :0[0m[0m
[1;32;40mINFO - 2023-04-13 12:42:00,121 - [32mSemaExplorerCDFS[0m - [32mlen(simgr.active) <= 0 or deadended >= self.max_end_state)[0m[0m
[1;32;40mINFO - 2023-04-13 12:42:00,132 - [37mGraphBuilder[0m - [37mOutput dir :src/output/runs/109//unknown[0m[0m
